# JRE version: OpenJDK Runtime Environment (8.0_76-b03) (build 1.8.0_76-release-b03)
# Java VM: OpenJDK 64-Bit Server VM (25.76-b03 mixed mode windows-amd64 compressed oops)
Heap:
 PSYoungGen      total 90112K, used 11488K [0x00000000e0000000, 0x00000000e5f80000, 0x0000000100000000)
  eden space 82944K, 13% used [0x00000000e0000000,0x00000000e0b382e0,0x00000000e5100000)
  from space 7168K, 0% used [0x00000000e5800000,0x00000000e5800000,0x00000000e5f00000)
  to   space 7168K, 0% used [0x00000000e5100000,0x00000000e5100000,0x00000000e5800000)
 ParOldGen       total 49152K, used 15559K [0x00000000a0000000, 0x00000000a3000000, 0x00000000e0000000)
  object space 49152K, 31% used [0x00000000a0000000,0x00000000a0f31d78,0x00000000a3000000)
 Metaspace       used 35147K, capacity 35692K, committed 36136K, reserved 1081344K
  class space    used 4690K, capacity 4845K, committed 4912K, reserved 1048576K
GC Heap History (10 events):
Event: 18.701 GC heap before
{Heap before GC invocations=12 (full 1):
 PSYoungGen      total 51712K, used 51237K [0x00000000e0000000, 0x00000000e3a00000, 0x0000000100000000)
  eden space 46080K, 100% used [0x00000000e0000000,0x00000000e2d00000,0x00000000e2d00000)
  from space 5632K, 91% used [0x00000000e3480000,0x00000000e39896d0,0x00000000e3a00000)
  to   space 6656K, 0% used [0x00000000e2d00000,0x00000000e2d00000,0x00000000e3380000)
 ParOldGen       total 32768K, used 8014K [0x00000000a0000000, 0x00000000a2000000, 0x00000000e0000000)
  object space 32768K, 24% used [0x00000000a0000000,0x00000000a07d3888,0x00000000a2000000)
 Metaspace       used 27647K, capacity 28118K, committed 28592K, reserved 1073152K
  class space    used 3767K, capacity 3897K, committed 4016K, reserved 1048576K
Event: 18.717 GC heap after
Heap after GC invocations=12 (full 1):
 PSYoungGen      total 52736K, used 2494K [0x00000000e0000000, 0x00000000e4a80000, 0x0000000100000000)
  eden space 46080K, 0% used [0x00000000e0000000,0x00000000e0000000,0x00000000e2d00000)
  from space 6656K, 37% used [0x00000000e2d00000,0x00000000e2f6fb60,0x00000000e3380000)
  to   space 6656K, 0% used [0x00000000e4400000,0x00000000e4400000,0x00000000e4a80000)
 ParOldGen       total 32768K, used 10531K [0x00000000a0000000, 0x00000000a2000000, 0x00000000e0000000)
  object space 32768K, 32% used [0x00000000a0000000,0x00000000a0a48cc8,0x00000000a2000000)
 Metaspace       used 27647K, capacity 28118K, committed 28592K, reserved 1073152K
  class space    used 3767K, capacity 3897K, committed 4016K, reserved 1048576K
}
Event: 21.980 GC heap before
{Heap before GC invocations=13 (full 1):
 PSYoungGen      total 52736K, used 48574K [0x00000000e0000000, 0x00000000e4a80000, 0x0000000100000000)
  eden space 46080K, 100% used [0x00000000e0000000,0x00000000e2d00000,0x00000000e2d00000)
  from space 6656K, 37% used [0x00000000e2d00000,0x00000000e2f6fb60,0x00000000e3380000)
  to   space 6656K, 0% used [0x00000000e4400000,0x00000000e4400000,0x00000000e4a80000)
 ParOldGen       total 32768K, used 10531K [0x00000000a0000000, 0x00000000a2000000, 0x00000000e0000000)
  object space 32768K, 32% used [0x00000000a0000000,0x00000000a0a48cc8,0x00000000a2000000)
 Metaspace       used 28483K, capacity 28946K, committed 29104K, reserved 1075200K
  class space    used 3862K, capacity 4001K, committed 4016K, reserved 1048576K
Event: 21.986 GC heap after
Heap after GC invocations=13 (full 1):
 PSYoungGen      total 66560K, used 2208K [0x00000000e0000000, 0x00000000e4900000, 0x0000000100000000)
  eden space 61440K, 0% used [0x00000000e0000000,0x00000000e0000000,0x00000000e3c00000)
  from space 5120K, 43% used [0x00000000e4400000,0x00000000e4628000,0x00000000e4900000)
  to   space 6656K, 0% used [0x00000000e3c00000,0x00000000e3c00000,0x00000000e4280000)
 ParOldGen       total 32768K, used 11235K [0x00000000a0000000, 0x00000000a2000000, 0x00000000e0000000)
  object space 32768K, 34% used [0x00000000a0000000,0x00000000a0af8cf0,0x00000000a2000000)
 Metaspace       used 28483K, capacity 28946K, committed 29104K, reserved 1075200K
  class space    used 3862K, capacity 4001K, committed 4016K, reserved 1048576K
}
Event: 23.091 GC heap before
{Heap before GC invocations=14 (full 1):
 PSYoungGen      total 66560K, used 63648K [0x00000000e0000000, 0x00000000e4900000, 0x0000000100000000)
  eden space 61440K, 100% used [0x00000000e0000000,0x00000000e3c00000,0x00000000e3c00000)
  from space 5120K, 43% used [0x00000000e4400000,0x00000000e4628000,0x00000000e4900000)
  to   space 6656K, 0% used [0x00000000e3c00000,0x00000000e3c00000,0x00000000e4280000)
 ParOldGen       total 32768K, used 11235K [0x00000000a0000000, 0x00000000a2000000, 0x00000000e0000000)
  object space 32768K, 34% used [0x00000000a0000000,0x00000000a0af8cf0,0x00000000a2000000)
 Metaspace       used 32816K, capacity 33352K, committed 33840K, reserved 1079296K
  class space    used 4407K, capacity 4583K, committed 4656K, reserved 1048576K
Event: 23.110 GC heap after
Heap after GC invocations=14 (full 1):
 PSYoungGen      total 68096K, used 5484K [0x00000000e0000000, 0x00000000e5f00000, 0x0000000100000000)
  eden space 61440K, 0% used [0x00000000e0000000,0x00000000e0000000,0x00000000e3c00000)
  from space 6656K, 82% used [0x00000000e3c00000,0x00000000e415b130,0x00000000e4280000)
  to   space 7168K, 0% used [0x00000000e5800000,0x00000000e5800000,0x00000000e5f00000)
 ParOldGen       total 32768K, used 12511K [0x00000000a0000000, 0x00000000a2000000, 0x00000000e0000000)
  object space 32768K, 38% used [0x00000000a0000000,0x00000000a0c37d20,0x00000000a2000000)
 Metaspace       used 32816K, capacity 33352K, committed 33840K, reserved 1079296K
  class space    used 4407K, capacity 4583K, committed 4656K, reserved 1048576K
}
Event: 23.745 GC heap before
{Heap before GC invocations=15 (full 1):
 PSYoungGen      total 68096K, used 22589K [0x00000000e0000000, 0x00000000e5f00000, 0x0000000100000000)
  eden space 61440K, 27% used [0x00000000e0000000,0x00000000e10b43a8,0x00000000e3c00000)
  from space 6656K, 82% used [0x00000000e3c00000,0x00000000e415b130,0x00000000e4280000)
  to   space 7168K, 0% used [0x00000000e5800000,0x00000000e5800000,0x00000000e5f00000)
 ParOldGen       total 32768K, used 12511K [0x00000000a0000000, 0x00000000a2000000, 0x00000000e0000000)
  object space 32768K, 38% used [0x00000000a0000000,0x00000000a0c37d20,0x00000000a2000000)
 Metaspace       used 34595K, capacity 35116K, committed 35496K, reserved 1079296K
  class space    used 4629K, capacity 4781K, committed 4784K, reserved 1048576K
Event: 23.757 GC heap after
Heap after GC invocations=15 (full 1):
 PSYoungGen      total 90112K, used 2702K [0x00000000e0000000, 0x00000000e5f80000, 0x0000000100000000)
  eden space 82944K, 0% used [0x00000000e0000000,0x00000000e0000000,0x00000000e5100000)
  from space 7168K, 37% used [0x00000000e5800000,0x00000000e5aa39f0,0x00000000e5f00000)
  to   space 7168K, 0% used [0x00000000e5100000,0x00000000e5100000,0x00000000e5800000)
 ParOldGen       total 32768K, used 14561K [0x00000000a0000000, 0x00000000a2000000, 0x00000000e0000000)
  object space 32768K, 44% used [0x00000000a0000000,0x00000000a0e38530,0x00000000a2000000)
 Metaspace       used 34595K, capacity 35116K, committed 35496K, reserved 1079296K
  class space    used 4629K, capacity 4781K, committed 4784K, reserved 1048576K
}
Event: 23.757 GC heap before
{Heap before GC invocations=16 (full 2):
 PSYoungGen      total 90112K, used 2702K [0x00000000e0000000, 0x00000000e5f80000, 0x0000000100000000)
  eden space 82944K, 0% used [0x00000000e0000000,0x00000000e0000000,0x00000000e5100000)
  from space 7168K, 37% used [0x00000000e5800000,0x00000000e5aa39f0,0x00000000e5f00000)
  to   space 7168K, 0% used [0x00000000e5100000,0x00000000e5100000,0x00000000e5800000)
 ParOldGen       total 32768K, used 14561K [0x00000000a0000000, 0x00000000a2000000, 0x00000000e0000000)
  object space 32768K, 44% used [0x00000000a0000000,0x00000000a0e38530,0x00000000a2000000)
 Metaspace       used 34595K, capacity 35116K, committed 35496K, reserved 1079296K
  class space    used 4629K, capacity 4781K, committed 4784K, reserved 1048576K
Event: 23.895 GC heap after
Heap after GC invocations=16 (full 2):
 PSYoungGen      total 90112K, used 0K [0x00000000e0000000, 0x00000000e5f80000, 0x0000000100000000)
  eden space 82944K, 0% used [0x00000000e0000000,0x00000000e0000000,0x00000000e5100000)
  from space 7168K, 0% used [0x00000000e5800000,0x00000000e5800000,0x00000000e5f00000)
  to   space 7168K, 0% used [0x00000000e5100000,0x00000000e5100000,0x00000000e5800000)
 ParOldGen       total 49152K, used 15559K [0x00000000a0000000, 0x00000000a3000000, 0x00000000e0000000)
  object space 49152K, 31% used [0x00000000a0000000,0x00000000a0f31d78,0x00000000a3000000)
 Metaspace       used 34595K, capacity 35116K, committed 35496K, reserved 1079296K
  class space    used 4629K, capacity 4781K, committed 4784K, reserved 1048576K
}

